<?xml version="1.0" encoding="UTF-8"?>
<!-- Generated by org.testng.reporters.JUnitReportReporter -->
<testsuite hostname="Abhi-PC" name="soapTestRunner.testRunnerLibrary" tests="1" failures="0" timestamp="27 Jan 2021 11:17:17 GMT" time="25.706" errors="0">
  <testcase name="soapTestLibrary" time="25.706" classname="soapTestRunner.testRunnerLibrary"/>
</testsuite> <!-- soapTestRunner.testRunnerLibrary -->
