<?xml version="1.0" encoding="UTF-8"?>
<!-- Generated by org.testng.reporters.JUnitReportReporter -->
<testsuite hostname="Abhi-PC" name="restApi.testRunnerLibraryAllTestSuites" tests="1" failures="0" timestamp="27 Jan 2021 15:51:20 GMT" time="11.525" errors="0">
  <testcase name="allTestSuites" time="11.525" classname="restApi.testRunnerLibraryAllTestSuites"/>
</testsuite> <!-- restApi.testRunnerLibraryAllTestSuites -->
