<?xml version="1.0" encoding="UTF-8"?>
<!-- Generated by org.testng.reporters.JUnitReportReporter -->
<testsuite hostname="Abhi-PC" name="restApi.testRunnerLibrary" tests="1" failures="0" timestamp="27 Jan 2021 15:51:20 GMT" time="0.682" errors="0">
  <testcase name="soapTestLibrary" time="0.682" classname="restApi.testRunnerLibrary"/>
</testsuite> <!-- restApi.testRunnerLibrary -->
