<?xml version="1.0" encoding="UTF-8"?>
<!-- Generated by org.testng.reporters.JUnitReportReporter -->
<testsuite hostname="Abhi-PC" name="restApi.testRunnerLibraryAllTestSuites" tests="1" failures="0" timestamp="27 Jan 2021 19:17:39 GMT" time="11.592" errors="0">
  <testcase name="allTestSuites" time="11.592" classname="restApi.testRunnerLibraryAllTestSuites"/>
</testsuite> <!-- restApi.testRunnerLibraryAllTestSuites -->
