<?xml version="1.0" encoding="UTF-8"?>
<!-- Generated by org.testng.reporters.JUnitReportReporter -->
<testsuite hostname="Abhi-PC" name="soapTestRunner.testRunnerLibraryAllTestSuites" tests="1" failures="0" timestamp="27 Jan 2021 11:48:44 GMT" time="11.606" errors="0">
  <testcase name="allTestSuites" time="11.606" classname="soapTestRunner.testRunnerLibraryAllTestSuites"/>
</testsuite> <!-- soapTestRunner.testRunnerLibraryAllTestSuites -->
