<?xml version="1.0" encoding="UTF-8"?>
<!-- Generated by org.testng.reporters.JUnitReportReporter -->
<testsuite hostname="Abhi-PC" name="soapTestRunner.testRunnerGetEmployee" tests="1" failures="0" timestamp="27 Jan 2021 19:17:39 GMT" time="0.796" errors="0">
  <testcase name="getEmployeeTest" time="0.796" classname="soapTestRunner.testRunnerGetEmployee"/>
</testsuite> <!-- soapTestRunner.testRunnerGetEmployee -->
